Date: 2024-05-11
Author: Tigran Fahradyan
Git commit hash: aae10f0ec88f5b2a9adb772995736d2f8b1328d9
Git commit is specified to indicate the code (logic) used for the results obtained in this log file, and to ensure reproducability

<<Load>> button pressed
Loading the file res/lse-f-91.stu, 381 cources.
<<Continue>> button pressed, num_slots: 17, num_iter: 10000, num_shifts: 3
Shift = 3	Min clashes = 234	at step 15
<<Reset>> button pressed
<<Continue>> button pressed, num_slots: 17, num_iter: 10000, num_shifts: 33
Shift = 33	Min clashes = 22	at step 8994
<<Collect train data>> button pressed
Shift = 33	Min clashes = 22	at step 8994
Shift = 33	Min clashes = 22	at step 8994
12 training samples collected
<<Reset>> button pressed
<<Continue>> button pressed, num_slots: 17, num_iter: 20000, num_shifts: 31
Shift = 31	Min clashes = 20	at step 17366
<<Collect train data>> button pressed
Shift = 31	Min clashes = 20	at step 17366
Shift = 31	Min clashes = 20	at step 17366
13 training samples collected
<<Train>> button pressed
Fitting a model with 25 examples.
Finished fitting.
<<Step (hopfield)>> button pressed, num_slots: 17, num_iter: 20000, num_shifts: 31
Shift = 31	Min clashes = 20	at step 17366
<<Step (hopfield)>> button pressed, num_slots: 17, num_iter: 20000, num_shifts: 31
Shift = 31	Min clashes = 20	at step 17366
<<Continue>> button pressed, num_slots: 17, num_iter: 20000, num_shifts: 31
Shift = 31	Min clashes = 16	at step 23279