Date: 2024-05-19
Author: Tigran Fahradyan
Git commit hash: 6a4626907299de7f8911955aaae9095cfe9e582e
Git commit is specified to indicate the code (logic) used for the results obtained in this log file, and to ensure reproducability

<<Load>> button pressed
Loading the file res/lse-f-91.stu, 381 cources.
<<Continue>> button pressed, num_slots: 17, num_iter: 20000, num_shifts: 19
Shift = 19	Min clashes = 22	at step 15056
<<Collect train data>> button pressed
Shift = 19	Min clashes = 22	at step 15056
Shift = 19	Min clashes = 22	at step 15056
num of scheduled exams in slot 1: 26
num of scheduled exams in slot 2: 20
num of scheduled exams in slot 3: 19
num of scheduled exams in slot 4: 22
num of scheduled exams in slot 6: 21
num of scheduled exams in slot 8: 25
num of scheduled exams in slot 10: 19
num of scheduled exams in slot 11: 16
num of scheduled exams in slot 12: 28
num of scheduled exams in slot 14: 24
num of scheduled exams in slot 15: 20
num of scheduled exams in slot 16: 30
num of scheduled exams in slot 17: 0
9 training samples collected
<<Continue>> button pressed, num_slots: 17, num_iter: 20000, num_shifts: 31
Shift = 31	Min clashes = 22	at step 15056
<<Reset>> button pressed
<<Continue>> button pressed, num_slots: 17, num_iter: 20000, num_shifts: 31
Shift = 31	Min clashes = 20	at step 17366
<<Collect train data>> button pressed
Shift = 31	Min clashes = 20	at step 17366
Shift = 31	Min clashes = 20	at step 17366
num of scheduled exams in slot 1: 23
num of scheduled exams in slot 3: 23
num of scheduled exams in slot 4: 24
num of scheduled exams in slot 5: 23
num of scheduled exams in slot 6: 20
num of scheduled exams in slot 7: 21
num of scheduled exams in slot 8: 24
num of scheduled exams in slot 10: 21
num of scheduled exams in slot 11: 26
num of scheduled exams in slot 13: 21
num of scheduled exams in slot 14: 21
num of scheduled exams in slot 15: 22
num of scheduled exams in slot 17: 0
12 training samples collected
<<Reset>> button pressed
<<Continue>> button pressed, num_slots: 17, num_iter: 10000, num_shifts: 33
Shift = 33	Min clashes = 22	at step 8994
<<Collect train data>> button pressed
Shift = 33	Min clashes = 22	at step 8994
Shift = 33	Min clashes = 22	at step 8994
num of scheduled exams in slot 1: 21
num of scheduled exams in slot 2: 28
num of scheduled exams in slot 3: 24
num of scheduled exams in slot 4: 25
num of scheduled exams in slot 5: 28
num of scheduled exams in slot 6: 26
num of scheduled exams in slot 7: 22
num of scheduled exams in slot 8: 20
num of scheduled exams in slot 9: 27
num of scheduled exams in slot 15: 14
num of scheduled exams in slot 16: 19
num of scheduled exams in slot 17: 0
9 training samples collected
<<Train>> button pressed
Fitting a model with 30 examples.
Finished fitting.
<<Reset>> button pressed
<<Continue (hopfield)>> button pressed, num_slots: 17, num_iter: 10, num_shifts: 33
Shift = 33	Min clashes = 4152	at step 169
<<Reset>> button pressed
<<Continue (hopfield)>> button pressed, num_slots: 17, num_iter: 100, num_shifts: 33
Shift = 33	Min clashes = 488	at step 1529
<<Reset>> button pressed
<<Continue (hopfield)>> button pressed, num_slots: 17, num_iter: 1000, num_shifts: 33
Shift = 33	Min clashes = 416	at step 14584
<<Continue>> button pressed, num_slots: 17, num_iter: 10000, num_shifts: 31
Shift = 31	Min clashes = 20	at step 19024
<<Continue (hopfield)>> button pressed, num_slots: 17, num_iter: 10, num_shifts: 31
Shift = 31	Min clashes = 20	at step 19024
<<Continue>> button pressed, num_slots: 17, num_iter: 10000, num_shifts: 31
Shift = 31	Min clashes = 20	at step 19024
<<Reset>> button pressed
<<Continue>> button pressed, num_slots: 17, num_iter: 10000, num_shifts: 33
Shift = 33	Min clashes = 22	at step 8994
<<Reset>> button pressed
<<Continue>> button pressed, num_slots: 17, num_iter: 8994, num_shifts: 33
Shift = 33	Min clashes = 22	at step 8994
<<Step (hopfield)>> button pressed, num_slots: 17, num_iter: 8994, num_shifts: 33
Shift = 33	Min clashes = 22	at step 8994
<<Step (hopfield)>> button pressed, num_slots: 17, num_iter: 8994, num_shifts: 33
Shift = 33	Min clashes = 22	at step 8994
<<Step (hopfield)>> button pressed, num_slots: 17, num_iter: 8994, num_shifts: 33
Shift = 33	Min clashes = 22	at step 8994
<<Step (hopfield)>> button pressed, num_slots: 17, num_iter: 8994, num_shifts: 33
Shift = 33	Min clashes = 22	at step 8994
<<Step (hopfield)>> button pressed, num_slots: 17, num_iter: 8994, num_shifts: 33
Shift = 33	Min clashes = 22	at step 8994
<<Continue>> button pressed, num_slots: 17, num_iter: 10000, num_shifts: 33
Shift = 33	Min clashes = 22	at step 8994