<<Load>> button pressed
<<Continue>> button pressed, num_slots: 17, num_iter: 2000, num_shifts: 19
Shift = 19	Min clashes = 48	at step 75
<<Collect train data>> button pressed
Shift = 19	Min clashes = 48	at step 75
Shift = 19	Min clashes = 48	at step 75
11 training samples collected
<<Reset>> button pressed
<<Continue>> button pressed, num_slots: 17, num_iter: 2000, num_shifts: 31
Shift = 31	Min clashes = 22	at step 436
<<Collect train data>> button pressed
Shift = 31	Min clashes = 22	at step 436
Shift = 31	Min clashes = 22	at step 436
12 training samples collected
<<Reset>> button pressed
<<Continue>> button pressed, num_slots: 17, num_iter: 2000, num_shifts: 33
Shift = 33	Min clashes = 34	at step 866
<<Collect train data>> button pressed
Shift = 33	Min clashes = 34	at step 866
Shift = 33	Min clashes = 34	at step 866
11 training samples collected
<<Train>> button pressed
Fitting a model with 34 examples.
Finished fitting.
<<Reset>> button pressed
<<Step (hopfield)>> button pressed, num_slots: 17, num_iter: 2000, num_shifts: 33
Shift = 33	Min clashes = 8148	at step 17
<<Reset>> button pressed
<<Continue (hopfield)>> button pressed, num_slots: 17, num_iter: 2000, num_shifts: 33
Shift = 33	Min clashes = 448	at step 16634
<<Continue>> button pressed, num_slots: 17, num_iter: 2000, num_shifts: 33
Shift = 33	Min clashes = 32	at step 34492